<?xml version="1.0" encoding="UTF-8"?>
<testng-results ignored="0" total="2" passed="2" failed="0" skipped="0">
  <reporter-output>
  </reporter-output>
  <suite started-at="2025-10-31T05:28:58 IST" name="Parallel Tests" finished-at="2025-10-31T05:29:08 IST" duration-ms="10346">
    <groups>
      <group name="cucumber">
        <method signature="AbstractTestNGCucumberTests.runScenario(io.cucumber.testng.PickleWrapper,io.cucumber.testng.FeatureWrapper)[pri:0, instance:runner.TestNGRunner@489115ef]" name="runScenario" class="io.cucumber.testng.AbstractTestNGCucumberTests"/>
        <method signature="AbstractTestNGCucumberTests.runScenario(io.cucumber.testng.PickleWrapper,io.cucumber.testng.FeatureWrapper)[pri:0, instance:runner.TestNGRunner@66d18979]" name="runScenario" class="io.cucumber.testng.AbstractTestNGCucumberTests"/>
      </group> <!-- cucumber -->
    </groups>
    <test started-at="2025-10-31T05:28:58 IST" name="Chrome" finished-at="2025-10-31T05:29:08 IST" duration-ms="9939">
      <class name="runner.TestNGRunner">
        <test-method is-config="true" signature="setUpClass(org.testng.ITestContext)[pri:0, instance:runner.TestNGRunner@489115ef]" started-at="2025-10-31T05:28:58 IST" name="setUpClass" finished-at="2025-10-31T05:28:58 IST" duration-ms="543" status="PASS">
          <params>
            <param index="0">
              <value>
                <![CDATA[org.testng.TestRunner@6f27a732]]>
              </value>
            </param>
          </params>
          <reporter-output>
          </reporter-output>
        </test-method> <!-- setUpClass -->
        <test-method is-config="true" signature="beforeClass(java.lang.String)[pri:0, instance:runner.TestNGRunner@489115ef]" started-at="2025-10-31T05:28:58 IST" name="beforeClass" finished-at="2025-10-31T05:28:58 IST" duration-ms="2" status="PASS">
          <params>
            <param index="0">
              <value>
                <![CDATA[chrome]]>
              </value>
            </param>
          </params>
          <reporter-output>
          </reporter-output>
        </test-method> <!-- beforeClass -->
        <test-method signature="runScenario(io.cucumber.testng.PickleWrapper,io.cucumber.testng.FeatureWrapper)[pri:0, instance:runner.TestNGRunner@489115ef]" started-at="2025-10-31T05:28:58 IST" name="runScenario" description="Runs Cucumber Scenarios" data-provider="scenarios" finished-at="2025-10-31T05:29:07 IST" duration-ms="9183" status="PASS">
          <params>
            <param index="0">
              <value>
                <![CDATA["Successful login and navigate through Dashboard, Cart and Menu"]]>
              </value>
            </param>
            <param index="1">
              <value>
                <![CDATA["Validate login and 3-page navigation"]]>
              </value>
            </param>
          </params>
          <reporter-output>
          </reporter-output>
        </test-method> <!-- runScenario -->
        <test-method is-config="true" signature="tearDownClass()[pri:0, instance:runner.TestNGRunner@489115ef]" started-at="2025-10-31T05:29:07 IST" name="tearDownClass" finished-at="2025-10-31T05:29:08 IST" duration-ms="161" status="PASS">
          <reporter-output>
          </reporter-output>
        </test-method> <!-- tearDownClass -->
      </class> <!-- runner.TestNGRunner -->
    </test> <!-- Chrome -->
    <test started-at="2025-10-31T05:28:58 IST" name="Edge" finished-at="2025-10-31T05:29:08 IST" duration-ms="10346">
      <class name="runner.TestNGRunner">
        <test-method is-config="true" signature="setUpClass(org.testng.ITestContext)[pri:0, instance:runner.TestNGRunner@66d18979]" started-at="2025-10-31T05:28:58 IST" name="setUpClass" finished-at="2025-10-31T05:28:58 IST" duration-ms="543" status="PASS">
          <params>
            <param index="0">
              <value>
                <![CDATA[org.testng.TestRunner@6c779568]]>
              </value>
            </param>
          </params>
          <reporter-output>
          </reporter-output>
        </test-method> <!-- setUpClass -->
        <test-method is-config="true" signature="beforeClass(java.lang.String)[pri:0, instance:runner.TestNGRunner@66d18979]" started-at="2025-10-31T05:28:58 IST" name="beforeClass" finished-at="2025-10-31T05:28:58 IST" duration-ms="2" status="PASS">
          <params>
            <param index="0">
              <value>
                <![CDATA[edge]]>
              </value>
            </param>
          </params>
          <reporter-output>
          </reporter-output>
        </test-method> <!-- beforeClass -->
        <test-method signature="runScenario(io.cucumber.testng.PickleWrapper,io.cucumber.testng.FeatureWrapper)[pri:0, instance:runner.TestNGRunner@66d18979]" started-at="2025-10-31T05:28:58 IST" name="runScenario" description="Runs Cucumber Scenarios" data-provider="scenarios" finished-at="2025-10-31T05:29:08 IST" duration-ms="9699" status="PASS">
          <params>
            <param index="0">
              <value>
                <![CDATA["Successful login and navigate through Dashboard, Cart and Menu"]]>
              </value>
            </param>
            <param index="1">
              <value>
                <![CDATA["Validate login and 3-page navigation"]]>
              </value>
            </param>
          </params>
          <reporter-output>
          </reporter-output>
        </test-method> <!-- runScenario -->
        <test-method is-config="true" signature="tearDownClass()[pri:0, instance:runner.TestNGRunner@66d18979]" started-at="2025-10-31T05:29:08 IST" name="tearDownClass" finished-at="2025-10-31T05:29:08 IST" duration-ms="68" status="PASS">
          <reporter-output>
          </reporter-output>
        </test-method> <!-- tearDownClass -->
      </class> <!-- runner.TestNGRunner -->
    </test> <!-- Edge -->
  </suite> <!-- Parallel Tests -->
</testng-results>
